2021-02-12 23:32:30,002 - logger - INFO - Alert already in db : ok - 2021-02-12 23:33:00 [in /home/robin/Projet/main_service/app/domain/services/task_service.py : 102 ]
2021-02-12 23:32:30,002 - logger - INFO - populate_queue [in /home/robin/Projet/main_service/gui.py : 17 ]
2021-02-12 23:32:30,003 - logger - INFO - waiting for messages in queue [in /home/robin/Projet/main_service/app/domain/services/task_service.py : 37 ]
2021-02-12 23:32:39,012 - logger - INFO - Message received : ('1 * * * *', 'aer') [in /home/robin/Projet/main_service/app/domain/services/task_service.py : 39 ]
2021-02-12 23:32:39,012 - logger - INFO - processing messages : 1 [in /home/robin/Projet/main_service/app/domain/services/task_service.py : 51 ]
2021-02-12 23:32:39,097 - logger - INFO - Cron added <app.infrastructure.db.cron.Cron object at 0x7f86f3731580> [in /home/robin/Projet/main_service/app/infrastructure/connector/db_cron_store.py : 34 ]
2021-02-12 23:32:39,100 - logger - INFO - Message 1 * * * * couldn't be parsed with parser AbsoluteParser [in /home/robin/Projet/main_service/app/domain/services/parser/parser.py : 20 ]
2021-02-12 23:32:39,180 - logger - INFO - Alert added in DB : Alert(id=6, message='aer', time='2021-02-12 23:32:39') [in /home/robin/Projet/main_service/app/infrastructure/connector/db_task_store.py : 30 ]
2021-02-12 23:32:39,180 - logger - INFO - Creating alert Alert(id=6, message='aer', time='2021-02-12 23:32:39') [in /home/robin/Projet/main_service/app/domain/services/task_service.py : 45 ]
2021-02-12 23:32:39,180 - logger - INFO - waiting for messages in queue [in /home/robin/Projet/main_service/app/domain/services/task_service.py : 37 ]
2021-02-12 23:32:39,180 - logger - INFO - Displaying alert [in /home/robin/Projet/main_service/app/domain/services/task_service.py : 74 ]
2021-02-12 23:32:39,182 - logger - INFO - Removing alert {'id': 6, 'message': 'aer', 'time': '2021-02-12 23:32:39'} [in /home/robin/Projet/main_service/app/infrastructure/connector/db_task_store.py : 21 ]
2021-02-12 23:32:39,343 - logger - INFO - Alert is cron, rescheduling [in /home/robin/Projet/main_service/app/domain/services/task_service.py : 82 ]
2021-02-12 23:32:39,427 - logger - INFO - Alert added in DB : Alert(id=6, message='aer', time='2021-02-13 00:01:00') [in /home/robin/Projet/main_service/app/infrastructure/connector/db_task_store.py : 30 ]
2021-02-12 23:32:39,428 - logger - INFO - Creating alert Alert(id=6, message='aer', time='2021-02-13 00:01:00') [in /home/robin/Projet/main_service/app/domain/services/task_service.py : 45 ]
2021-02-12 23:33:00,001 - logger - INFO - Displaying alert [in /home/robin/Projet/main_service/app/domain/services/task_service.py : 74 ]
2021-02-12 23:33:00,003 - logger - INFO - Removing alert {'id': 5, 'message': 'ok', 'time': '2021-02-12 23:33:00'} [in /home/robin/Projet/main_service/app/infrastructure/connector/db_task_store.py : 21 ]
2021-02-12 23:33:00,201 - logger - INFO - Alert is cron, rescheduling [in /home/robin/Projet/main_service/app/domain/services/task_service.py : 82 ]
2021-02-12 23:33:00,293 - logger - INFO - Alert added in DB : Alert(id=7, message='ok', time='2021-02-12 23:34:00') [in /home/robin/Projet/main_service/app/infrastructure/connector/db_task_store.py : 30 ]
2021-02-12 23:33:00,294 - logger - INFO - Creating alert Alert(id=7, message='ok', time='2021-02-12 23:34:00') [in /home/robin/Projet/main_service/app/domain/services/task_service.py : 45 ]
2021-02-12 23:33:20,434 - logger - INFO - Alert already in db : ok - 2021-02-12 23:34:00 [in /home/robin/Projet/main_service/app/domain/services/task_service.py : 102 ]
2021-02-12 23:33:20,438 - logger - INFO - Alert already in db : aer - 2021-02-13 00:01:00 [in /home/robin/Projet/main_service/app/domain/services/task_service.py : 102 ]
2021-02-12 23:33:20,438 - logger - INFO - populate_queue [in /home/robin/Projet/main_service/gui.py : 17 ]
2021-02-12 23:33:20,438 - logger - INFO - waiting for messages in queue [in /home/robin/Projet/main_service/app/domain/services/task_service.py : 37 ]
2021-02-12 23:33:45,850 - logger - INFO - Alert already in db : ok - 2021-02-12 23:34:00 [in /home/robin/Projet/main_service/app/domain/services/task_service.py : 102 ]
2021-02-12 23:33:45,855 - logger - INFO - Alert already in db : aer - 2021-02-13 00:01:00 [in /home/robin/Projet/main_service/app/domain/services/task_service.py : 102 ]
2021-02-12 23:33:45,856 - logger - INFO - populate_queue [in /home/robin/Projet/main_service/gui.py : 17 ]
2021-02-12 23:33:45,856 - logger - INFO - waiting for messages in queue [in /home/robin/Projet/main_service/app/domain/services/task_service.py : 37 ]
2021-02-12 23:33:55,927 - logger - INFO - Removing cron {'id': 2, 'message': 'aer', 'cron': '1 * * * *'} [in /home/robin/Projet/main_service/app/infrastructure/connector/db_cron_store.py : 26 ]
2021-02-12 23:34:00,001 - logger - INFO - Displaying alert [in /home/robin/Projet/main_service/app/domain/services/task_service.py : 74 ]
2021-02-12 23:34:00,006 - logger - INFO - Removing alert {'id': 7, 'message': 'ok', 'time': '2021-02-12 23:34:00'} [in /home/robin/Projet/main_service/app/infrastructure/connector/db_task_store.py : 21 ]
2021-02-12 23:34:00,173 - logger - INFO - Alert is cron, rescheduling [in /home/robin/Projet/main_service/app/domain/services/task_service.py : 82 ]
2021-02-12 23:34:00,264 - logger - INFO - Alert added in DB : Alert(id=7, message='ok', time='2021-02-12 23:35:00') [in /home/robin/Projet/main_service/app/infrastructure/connector/db_task_store.py : 30 ]
2021-02-12 23:34:00,264 - logger - INFO - Creating alert Alert(id=7, message='ok', time='2021-02-12 23:35:00') [in /home/robin/Projet/main_service/app/domain/services/task_service.py : 45 ]
2021-02-12 23:34:12,888 - logger - INFO - Message received : ('1 2 * * *', 'azer') [in /home/robin/Projet/main_service/app/domain/services/task_service.py : 39 ]
2021-02-12 23:34:12,889 - logger - INFO - processing messages : 1 [in /home/robin/Projet/main_service/app/domain/services/task_service.py : 51 ]
2021-02-12 23:34:12,969 - logger - INFO - Cron added <app.infrastructure.db.cron.Cron object at 0x7f3be36db7f0> [in /home/robin/Projet/main_service/app/infrastructure/connector/db_cron_store.py : 34 ]
2021-02-12 23:34:13,034 - logger - INFO - Alert added in DB : Alert(id=8, message='azer', time='2021-02-13 02:01:00') [in /home/robin/Projet/main_service/app/infrastructure/connector/db_task_store.py : 30 ]
2021-02-12 23:34:13,035 - logger - INFO - Creating alert Alert(id=8, message='azer', time='2021-02-13 02:01:00') [in /home/robin/Projet/main_service/app/domain/services/task_service.py : 45 ]
2021-02-12 23:34:13,035 - logger - INFO - waiting for messages in queue [in /home/robin/Projet/main_service/app/domain/services/task_service.py : 37 ]
2021-02-12 23:35:00,001 - logger - INFO - Displaying alert [in /home/robin/Projet/main_service/app/domain/services/task_service.py : 74 ]
2021-02-12 23:35:00,004 - logger - INFO - Removing alert {'id': 7, 'message': 'ok', 'time': '2021-02-12 23:35:00'} [in /home/robin/Projet/main_service/app/infrastructure/connector/db_task_store.py : 21 ]
2021-02-12 23:35:00,438 - logger - INFO - Alert is cron, rescheduling [in /home/robin/Projet/main_service/app/domain/services/task_service.py : 82 ]
2021-02-12 23:35:00,523 - logger - INFO - Alert added in DB : Alert(id=9, message='ok', time='2021-02-12 23:36:00') [in /home/robin/Projet/main_service/app/infrastructure/connector/db_task_store.py : 30 ]
2021-02-12 23:35:00,523 - logger - INFO - Creating alert Alert(id=9, message='ok', time='2021-02-12 23:36:00') [in /home/robin/Projet/main_service/app/domain/services/task_service.py : 45 ]
